<?xml version="1.0" encoding="UTF-8"?>
<testsuite xmlns:xsi="http://www.w3.org/2001/XMLSchema-instance" xsi:noNamespaceSchemaLocation="https://maven.apache.org/surefire/maven-surefire-plugin/xsd/surefire-test-report.xsd" version="3.0.2" name="com.iluwatar.producer.consumer.AppTest" time="10.199" tests="1" errors="0" skipped="0" failures="0">
  <properties>
    <property name="java.specification.version" value="17"/>
    <property name="sun.jnu.encoding" value="UTF-8"/>
    <property name="java.class.path" value="/home/v-jiahengwen/RepoTranslationAgent/data/java/java-design-patterns/producer-consumer/target/test-classes:/home/v-jiahengwen/RepoTranslationAgent/data/java/java-design-patterns/producer-consumer/target/classes:/home/v-jiahengwen/.m2/repository/org/junit/jupiter/junit-jupiter-engine/5.8.2/junit-jupiter-engine-5.8.2.jar:/home/v-jiahengwen/.m2/repository/org/junit/platform/junit-platform-engine/1.8.2/junit-platform-engine-1.8.2.jar:/home/v-jiahengwen/.m2/repository/org/opentest4j/opentest4j/1.2.0/opentest4j-1.2.0.jar:/home/v-jiahengwen/.m2/repository/org/junit/platform/junit-platform-commons/1.8.2/junit-platform-commons-1.8.2.jar:/home/v-jiahengwen/.m2/repository/org/junit/jupiter/junit-jupiter-api/5.8.2/junit-jupiter-api-5.8.2.jar:/home/v-jiahengwen/.m2/repository/org/apiguardian/apiguardian-api/1.1.2/apiguardian-api-1.1.2.jar:/home/v-jiahengwen/.m2/repository/org/mockito/mockito-core/4.5.1/mockito-core-4.5.1.jar:/home/v-jiahengwen/.m2/repository/net/bytebuddy/byte-buddy/1.12.18/byte-buddy-1.12.18.jar:/home/v-jiahengwen/.m2/repository/net/bytebuddy/byte-buddy-agent/1.12.18/byte-buddy-agent-1.12.18.jar:/home/v-jiahengwen/.m2/repository/org/objenesis/objenesis/3.2/objenesis-3.2.jar:/home/v-jiahengwen/.m2/repository/org/slf4j/slf4j-api/2.0.16/slf4j-api-2.0.16.jar:/home/v-jiahengwen/.m2/repository/ch/qos/logback/logback-classic/1.5.6/logback-classic-1.5.6.jar:/home/v-jiahengwen/.m2/repository/ch/qos/logback/logback-core/1.5.6/logback-core-1.5.6.jar:/home/v-jiahengwen/.m2/repository/org/projectlombok/lombok/1.18.24/lombok-1.18.24.jar:"/>
    <property name="java.vm.vendor" value="Microsoft"/>
    <property name="sun.arch.data.model" value="64"/>
    <property name="java.vendor.url" value="https://www.microsoft.com"/>
    <property name="user.timezone" value="Asia/Shanghai"/>
    <property name="os.name" value="Linux"/>
    <property name="java.vm.specification.version" value="17"/>
    <property name="sun.java.launcher" value="SUN_STANDARD"/>
    <property name="user.country" value="US"/>
    <property name="sun.boot.library.path" value="/usr/lib/jvm/msopenjdk-17-amd64/lib"/>
    <property name="sun.java.command" value="/home/v-jiahengwen/RepoTranslationAgent/data/java/java-design-patterns/producer-consumer/target/surefire/surefirebooter-20241209093650178_3.jar /home/v-jiahengwen/RepoTranslationAgent/data/java/java-design-patterns/producer-consumer/target/surefire 2024-12-09T09-36-50_083-jvmRun1 surefire-20241209093650178_1tmp surefire_0-20241209093650178_2tmp"/>
    <property name="jdk.debug" value="release"/>
    <property name="surefire.test.class.path" value="/home/v-jiahengwen/RepoTranslationAgent/data/java/java-design-patterns/producer-consumer/target/test-classes:/home/v-jiahengwen/RepoTranslationAgent/data/java/java-design-patterns/producer-consumer/target/classes:/home/v-jiahengwen/.m2/repository/org/junit/jupiter/junit-jupiter-engine/5.8.2/junit-jupiter-engine-5.8.2.jar:/home/v-jiahengwen/.m2/repository/org/junit/platform/junit-platform-engine/1.8.2/junit-platform-engine-1.8.2.jar:/home/v-jiahengwen/.m2/repository/org/opentest4j/opentest4j/1.2.0/opentest4j-1.2.0.jar:/home/v-jiahengwen/.m2/repository/org/junit/platform/junit-platform-commons/1.8.2/junit-platform-commons-1.8.2.jar:/home/v-jiahengwen/.m2/repository/org/junit/jupiter/junit-jupiter-api/5.8.2/junit-jupiter-api-5.8.2.jar:/home/v-jiahengwen/.m2/repository/org/apiguardian/apiguardian-api/1.1.2/apiguardian-api-1.1.2.jar:/home/v-jiahengwen/.m2/repository/org/mockito/mockito-core/4.5.1/mockito-core-4.5.1.jar:/home/v-jiahengwen/.m2/repository/net/bytebuddy/byte-buddy/1.12.18/byte-buddy-1.12.18.jar:/home/v-jiahengwen/.m2/repository/net/bytebuddy/byte-buddy-agent/1.12.18/byte-buddy-agent-1.12.18.jar:/home/v-jiahengwen/.m2/repository/org/objenesis/objenesis/3.2/objenesis-3.2.jar:/home/v-jiahengwen/.m2/repository/org/slf4j/slf4j-api/2.0.16/slf4j-api-2.0.16.jar:/home/v-jiahengwen/.m2/repository/ch/qos/logback/logback-classic/1.5.6/logback-classic-1.5.6.jar:/home/v-jiahengwen/.m2/repository/ch/qos/logback/logback-core/1.5.6/logback-core-1.5.6.jar:/home/v-jiahengwen/.m2/repository/org/projectlombok/lombok/1.18.24/lombok-1.18.24.jar:"/>
    <property name="sun.cpu.endian" value="little"/>
    <property name="user.home" value="/home/v-jiahengwen"/>
    <property name="user.language" value="en"/>
    <property name="java.specification.vendor" value="Oracle Corporation"/>
    <property name="java.version.date" value="2024-07-16"/>
    <property name="java.home" value="/usr/lib/jvm/msopenjdk-17-amd64"/>
    <property name="file.separator" value="/"/>
    <property name="basedir" value="/home/v-jiahengwen/RepoTranslationAgent/data/java/java-design-patterns/producer-consumer"/>
    <property name="java.vm.compressedOopsMode" value="Zero based"/>
    <property name="line.separator" value="&#10;"/>
    <property name="java.specification.name" value="Java Platform API Specification"/>
    <property name="java.vm.specification.vendor" value="Oracle Corporation"/>
    <property name="surefire.real.class.path" value="/home/v-jiahengwen/RepoTranslationAgent/data/java/java-design-patterns/producer-consumer/target/surefire/surefirebooter-20241209093650178_3.jar"/>
    <property name="sun.management.compiler" value="HotSpot 64-Bit Tiered Compilers"/>
    <property name="java.runtime.version" value="17.0.12+7-LTS"/>
    <property name="user.name" value="v-jiahengwen"/>
    <property name="path.separator" value=":"/>
    <property name="os.version" value="6.8.0-49-generic"/>
    <property name="java.runtime.name" value="OpenJDK Runtime Environment"/>
    <property name="file.encoding" value="UTF-8"/>
    <property name="java.vm.name" value="OpenJDK 64-Bit Server VM"/>
    <property name="java.vendor.version" value="Microsoft-9889599"/>
    <property name="localRepository" value="/home/v-jiahengwen/.m2/repository"/>
    <property name="java.vendor.url.bug" value="https://github.com/microsoft/openjdk/issues"/>
    <property name="java.io.tmpdir" value="/tmp"/>
    <property name="java.version" value="17.0.12"/>
    <property name="user.dir" value="/home/v-jiahengwen/RepoTranslationAgent/data/java/java-design-patterns/producer-consumer"/>
    <property name="os.arch" value="amd64"/>
    <property name="java.vm.specification.name" value="Java Virtual Machine Specification"/>
    <property name="native.encoding" value="UTF-8"/>
    <property name="java.library.path" value="/usr/java/packages/lib:/usr/lib64:/lib64:/lib:/usr/lib"/>
    <property name="java.vm.info" value="mixed mode, sharing"/>
    <property name="java.vendor" value="Microsoft"/>
    <property name="java.vm.version" value="17.0.12+7-LTS"/>
    <property name="sun.io.unicode.encoding" value="UnicodeLittle"/>
    <property name="java.class.version" value="61.0"/>
  </properties>
  <testcase name="shouldExecuteApplicationWithoutException" classname="com.iluwatar.producer.consumer.AppTest" time="10.177">
    <system-out><![CDATA[09:36:51.381 [pool-2-thread-3] INFO com.iluwatar.producer.consumer.Consumer -- Consumer [Consumer_0] consume item [0] produced by [Producer_1]
09:36:51.381 [pool-2-thread-4] INFO com.iluwatar.producer.consumer.Consumer -- Consumer [Consumer_1] consume item [0] produced by [Producer_0]
09:36:51.443 [pool-2-thread-5] INFO com.iluwatar.producer.consumer.Consumer -- Consumer [Consumer_2] consume item [1] produced by [Producer_0]
09:36:51.561 [pool-2-thread-3] INFO com.iluwatar.producer.consumer.Consumer -- Consumer [Consumer_0] consume item [2] produced by [Producer_0]
09:36:52.335 [pool-2-thread-4] INFO com.iluwatar.producer.consumer.Consumer -- Consumer [Consumer_1] consume item [1] produced by [Producer_1]
09:36:52.753 [pool-2-thread-5] INFO com.iluwatar.producer.consumer.Consumer -- Consumer [Consumer_2] consume item [3] produced by [Producer_0]
09:36:53.127 [pool-2-thread-3] INFO com.iluwatar.producer.consumer.Consumer -- Consumer [Consumer_0] consume item [4] produced by [Producer_0]
09:36:53.238 [pool-2-thread-4] INFO com.iluwatar.producer.consumer.Consumer -- Consumer [Consumer_1] consume item [5] produced by [Producer_0]
09:36:53.496 [pool-2-thread-5] INFO com.iluwatar.producer.consumer.Consumer -- Consumer [Consumer_2] consume item [2] produced by [Producer_1]
09:36:53.667 [pool-2-thread-3] INFO com.iluwatar.producer.consumer.Consumer -- Consumer [Consumer_0] consume item [3] produced by [Producer_1]
09:36:54.106 [pool-2-thread-4] INFO com.iluwatar.producer.consumer.Consumer -- Consumer [Consumer_1] consume item [6] produced by [Producer_0]
09:36:54.571 [pool-2-thread-5] INFO com.iluwatar.producer.consumer.Consumer -- Consumer [Consumer_2] consume item [4] produced by [Producer_1]
09:36:54.578 [pool-2-thread-3] INFO com.iluwatar.producer.consumer.Consumer -- Consumer [Consumer_0] consume item [7] produced by [Producer_0]
09:36:54.882 [pool-2-thread-4] INFO com.iluwatar.producer.consumer.Consumer -- Consumer [Consumer_1] consume item [5] produced by [Producer_1]
09:36:55.216 [pool-2-thread-5] INFO com.iluwatar.producer.consumer.Consumer -- Consumer [Consumer_2] consume item [8] produced by [Producer_0]
09:36:55.507 [pool-2-thread-3] INFO com.iluwatar.producer.consumer.Consumer -- Consumer [Consumer_0] consume item [9] produced by [Producer_0]
09:36:55.573 [pool-2-thread-4] INFO com.iluwatar.producer.consumer.Consumer -- Consumer [Consumer_1] consume item [6] produced by [Producer_1]
09:36:55.981 [pool-2-thread-5] INFO com.iluwatar.producer.consumer.Consumer -- Consumer [Consumer_2] consume item [7] produced by [Producer_1]
09:36:56.602 [pool-2-thread-3] INFO com.iluwatar.producer.consumer.Consumer -- Consumer [Consumer_0] consume item [10] produced by [Producer_0]
09:36:56.699 [pool-2-thread-4] INFO com.iluwatar.producer.consumer.Consumer -- Consumer [Consumer_1] consume item [8] produced by [Producer_1]
09:36:57.686 [pool-2-thread-5] INFO com.iluwatar.producer.consumer.Consumer -- Consumer [Consumer_2] consume item [9] produced by [Producer_1]
09:36:57.762 [pool-2-thread-3] INFO com.iluwatar.producer.consumer.Consumer -- Consumer [Consumer_0] consume item [10] produced by [Producer_1]
09:36:57.995 [pool-2-thread-4] INFO com.iluwatar.producer.consumer.Consumer -- Consumer [Consumer_1] consume item [11] produced by [Producer_1]
09:36:58.109 [pool-2-thread-5] INFO com.iluwatar.producer.consumer.Consumer -- Consumer [Consumer_2] consume item [11] produced by [Producer_0]
09:36:58.286 [pool-2-thread-3] INFO com.iluwatar.producer.consumer.Consumer -- Consumer [Consumer_0] consume item [12] produced by [Producer_0]
09:36:58.437 [pool-2-thread-4] INFO com.iluwatar.producer.consumer.Consumer -- Consumer [Consumer_1] consume item [13] produced by [Producer_0]
09:36:58.734 [pool-2-thread-5] INFO com.iluwatar.producer.consumer.Consumer -- Consumer [Consumer_2] consume item [12] produced by [Producer_1]
09:36:58.969 [pool-2-thread-3] INFO com.iluwatar.producer.consumer.Consumer -- Consumer [Consumer_0] consume item [13] produced by [Producer_1]
09:36:59.420 [pool-2-thread-4] INFO com.iluwatar.producer.consumer.Consumer -- Consumer [Consumer_1] consume item [14] produced by [Producer_1]
09:36:59.642 [pool-2-thread-5] INFO com.iluwatar.producer.consumer.Consumer -- Consumer [Consumer_2] consume item [14] produced by [Producer_0]
09:37:00.151 [pool-2-thread-3] INFO com.iluwatar.producer.consumer.Consumer -- Consumer [Consumer_0] consume item [15] produced by [Producer_0]
09:37:00.868 [pool-2-thread-4] INFO com.iluwatar.producer.consumer.Consumer -- Consumer [Consumer_1] consume item [15] produced by [Producer_1]
09:37:01.069 [pool-2-thread-5] INFO com.iluwatar.producer.consumer.Consumer -- Consumer [Consumer_2] consume item [16] produced by [Producer_0]
]]></system-out>
  </testcase>
</testsuite>