<?xml version="1.0" encoding="UTF-8"?>
<testsuite xmlns:xsi="http://www.w3.org/2001/XMLSchema-instance" xsi:noNamespaceSchemaLocation="https://maven.apache.org/surefire/maven-surefire-plugin/xsd/surefire-test-report.xsd" version="3.0.2" name="com.iluwatar.bytecode.VirtualMachineTest" time="0.099" tests="8" errors="0" skipped="0" failures="0">
  <properties>
    <property name="java.specification.version" value="17"/>
    <property name="sun.jnu.encoding" value="UTF-8"/>
    <property name="java.class.path" value="/home/v-jiahengwen/RepoTranslationAgent/fixed_data/java_origin/bytecode/target/test-classes:/home/v-jiahengwen/RepoTranslationAgent/fixed_data/java_origin/bytecode/target/classes:/home/v-jiahengwen/.m2/repository/org/junit/jupiter/junit-jupiter-engine/5.8.2/junit-jupiter-engine-5.8.2.jar:/home/v-jiahengwen/.m2/repository/org/junit/platform/junit-platform-engine/1.8.2/junit-platform-engine-1.8.2.jar:/home/v-jiahengwen/.m2/repository/org/opentest4j/opentest4j/1.2.0/opentest4j-1.2.0.jar:/home/v-jiahengwen/.m2/repository/org/junit/platform/junit-platform-commons/1.8.2/junit-platform-commons-1.8.2.jar:/home/v-jiahengwen/.m2/repository/org/junit/jupiter/junit-jupiter-api/5.8.2/junit-jupiter-api-5.8.2.jar:/home/v-jiahengwen/.m2/repository/org/apiguardian/apiguardian-api/1.1.2/apiguardian-api-1.1.2.jar:/home/v-jiahengwen/.m2/repository/org/slf4j/slf4j-api/2.0.16/slf4j-api-2.0.16.jar:/home/v-jiahengwen/.m2/repository/ch/qos/logback/logback-classic/1.5.6/logback-classic-1.5.6.jar:/home/v-jiahengwen/.m2/repository/ch/qos/logback/logback-core/1.5.6/logback-core-1.5.6.jar:/home/v-jiahengwen/.m2/repository/org/projectlombok/lombok/1.18.24/lombok-1.18.24.jar:"/>
    <property name="java.vm.vendor" value="Microsoft"/>
    <property name="sun.arch.data.model" value="64"/>
    <property name="java.vendor.url" value="https://www.microsoft.com"/>
    <property name="user.timezone" value="Asia/Shanghai"/>
    <property name="os.name" value="Linux"/>
    <property name="java.vm.specification.version" value="17"/>
    <property name="sun.java.launcher" value="SUN_STANDARD"/>
    <property name="user.country" value="US"/>
    <property name="sun.boot.library.path" value="/usr/lib/jvm/msopenjdk-17-amd64/lib"/>
    <property name="sun.java.command" value="/home/v-jiahengwen/RepoTranslationAgent/fixed_data/java_origin/bytecode/target/surefire/surefirebooter-20250214095807319_3.jar /home/v-jiahengwen/RepoTranslationAgent/fixed_data/java_origin/bytecode/target/surefire 2025-02-14T09-58-07_232-jvmRun1 surefire-20250214095807319_1tmp surefire_0-20250214095807319_2tmp"/>
    <property name="jdk.debug" value="release"/>
    <property name="surefire.test.class.path" value="/home/v-jiahengwen/RepoTranslationAgent/fixed_data/java_origin/bytecode/target/test-classes:/home/v-jiahengwen/RepoTranslationAgent/fixed_data/java_origin/bytecode/target/classes:/home/v-jiahengwen/.m2/repository/org/junit/jupiter/junit-jupiter-engine/5.8.2/junit-jupiter-engine-5.8.2.jar:/home/v-jiahengwen/.m2/repository/org/junit/platform/junit-platform-engine/1.8.2/junit-platform-engine-1.8.2.jar:/home/v-jiahengwen/.m2/repository/org/opentest4j/opentest4j/1.2.0/opentest4j-1.2.0.jar:/home/v-jiahengwen/.m2/repository/org/junit/platform/junit-platform-commons/1.8.2/junit-platform-commons-1.8.2.jar:/home/v-jiahengwen/.m2/repository/org/junit/jupiter/junit-jupiter-api/5.8.2/junit-jupiter-api-5.8.2.jar:/home/v-jiahengwen/.m2/repository/org/apiguardian/apiguardian-api/1.1.2/apiguardian-api-1.1.2.jar:/home/v-jiahengwen/.m2/repository/org/slf4j/slf4j-api/2.0.16/slf4j-api-2.0.16.jar:/home/v-jiahengwen/.m2/repository/ch/qos/logback/logback-classic/1.5.6/logback-classic-1.5.6.jar:/home/v-jiahengwen/.m2/repository/ch/qos/logback/logback-core/1.5.6/logback-core-1.5.6.jar:/home/v-jiahengwen/.m2/repository/org/projectlombok/lombok/1.18.24/lombok-1.18.24.jar:"/>
    <property name="sun.cpu.endian" value="little"/>
    <property name="user.home" value="/home/v-jiahengwen"/>
    <property name="user.language" value="en"/>
    <property name="java.specification.vendor" value="Oracle Corporation"/>
    <property name="java.version.date" value="2024-07-16"/>
    <property name="java.home" value="/usr/lib/jvm/msopenjdk-17-amd64"/>
    <property name="file.separator" value="/"/>
    <property name="basedir" value="/home/v-jiahengwen/RepoTranslationAgent/fixed_data/java_origin/bytecode"/>
    <property name="java.vm.compressedOopsMode" value="Zero based"/>
    <property name="line.separator" value="&#10;"/>
    <property name="checkstyle.skip" value="true"/>
    <property name="java.specification.name" value="Java Platform API Specification"/>
    <property name="java.vm.specification.vendor" value="Oracle Corporation"/>
    <property name="surefire.real.class.path" value="/home/v-jiahengwen/RepoTranslationAgent/fixed_data/java_origin/bytecode/target/surefire/surefirebooter-20250214095807319_3.jar"/>
    <property name="sun.management.compiler" value="HotSpot 64-Bit Tiered Compilers"/>
    <property name="java.runtime.version" value="17.0.12+7-LTS"/>
    <property name="user.name" value="v-jiahengwen"/>
    <property name="path.separator" value=":"/>
    <property name="os.version" value="6.8.0-49-generic"/>
    <property name="java.runtime.name" value="OpenJDK Runtime Environment"/>
    <property name="file.encoding" value="UTF-8"/>
    <property name="java.vm.name" value="OpenJDK 64-Bit Server VM"/>
    <property name="java.vendor.version" value="Microsoft-9889599"/>
    <property name="localRepository" value="/home/v-jiahengwen/.m2/repository"/>
    <property name="java.vendor.url.bug" value="https://github.com/microsoft/openjdk/issues"/>
    <property name="java.io.tmpdir" value="/tmp"/>
    <property name="java.version" value="17.0.12"/>
    <property name="user.dir" value="/home/v-jiahengwen/RepoTranslationAgent/fixed_data/java_origin/bytecode"/>
    <property name="os.arch" value="amd64"/>
    <property name="java.vm.specification.name" value="Java Virtual Machine Specification"/>
    <property name="native.encoding" value="UTF-8"/>
    <property name="java.library.path" value="/usr/java/packages/lib:/usr/lib64:/lib64:/lib:/usr/lib"/>
    <property name="java.vm.info" value="mixed mode, sharing"/>
    <property name="java.vendor" value="Microsoft"/>
    <property name="java.vm.version" value="17.0.12+7-LTS"/>
    <property name="sun.io.unicode.encoding" value="UnicodeLittle"/>
    <property name="java.class.version" value="61.0"/>
  </properties>
  <testcase name="testSpawnParticles" classname="com.iluwatar.bytecode.VirtualMachineTest" time="0.085">
    <system-out><![CDATA[09:58:08.054 [main] INFO com.iluwatar.bytecode.VirtualMachine -- Executed LITERAL, Stack contains [0]
09:58:08.057 [main] INFO com.iluwatar.bytecode.Wizard -- Spawning particles
09:58:08.057 [main] INFO com.iluwatar.bytecode.VirtualMachine -- Executed SPAWN_PARTICLES, Stack contains []
]]></system-out>
  </testcase>
  <testcase name="testPlaySound" classname="com.iluwatar.bytecode.VirtualMachineTest" time="0.001">
    <system-out><![CDATA[09:58:08.059 [main] INFO com.iluwatar.bytecode.VirtualMachine -- Executed LITERAL, Stack contains [0]
09:58:08.060 [main] INFO com.iluwatar.bytecode.Wizard -- Playing sound
09:58:08.060 [main] INFO com.iluwatar.bytecode.VirtualMachine -- Executed PLAY_SOUND, Stack contains []
]]></system-out>
  </testcase>
  <testcase name="testLiteral" classname="com.iluwatar.bytecode.VirtualMachineTest" time="0.002">
    <system-out><![CDATA[09:58:08.061 [main] INFO com.iluwatar.bytecode.VirtualMachine -- Executed LITERAL, Stack contains [10]
]]></system-out>
  </testcase>
  <testcase name="testSetHealth" classname="com.iluwatar.bytecode.VirtualMachineTest" time="0.001">
    <system-out><![CDATA[09:58:08.064 [main] INFO com.iluwatar.bytecode.VirtualMachine -- Executed LITERAL, Stack contains [0]
09:58:08.064 [main] INFO com.iluwatar.bytecode.VirtualMachine -- Executed LITERAL, Stack contains [0, 50]
09:58:08.064 [main] INFO com.iluwatar.bytecode.VirtualMachine -- Executed SET_HEALTH, Stack contains []
]]></system-out>
  </testcase>
  <testcase name="testGetHealth" classname="com.iluwatar.bytecode.VirtualMachineTest" time="0.001">
    <system-out><![CDATA[09:58:08.065 [main] INFO com.iluwatar.bytecode.VirtualMachine -- Executed LITERAL, Stack contains [0]
09:58:08.065 [main] INFO com.iluwatar.bytecode.VirtualMachine -- Executed LITERAL, Stack contains [0, 50]
09:58:08.065 [main] INFO com.iluwatar.bytecode.VirtualMachine -- Executed SET_HEALTH, Stack contains []
09:58:08.065 [main] INFO com.iluwatar.bytecode.VirtualMachine -- Executed LITERAL, Stack contains [0]
09:58:08.065 [main] INFO com.iluwatar.bytecode.VirtualMachine -- Executed GET_HEALTH, Stack contains [50]
]]></system-out>
  </testcase>
  <testcase name="testSetAgility" classname="com.iluwatar.bytecode.VirtualMachineTest" time="0.001">
    <system-out><![CDATA[09:58:08.067 [main] INFO com.iluwatar.bytecode.VirtualMachine -- Executed LITERAL, Stack contains [0]
09:58:08.067 [main] INFO com.iluwatar.bytecode.VirtualMachine -- Executed LITERAL, Stack contains [0, 50]
09:58:08.067 [main] INFO com.iluwatar.bytecode.VirtualMachine -- Executed SET_AGILITY, Stack contains []
]]></system-out>
  </testcase>
  <testcase name="testSetWisdom" classname="com.iluwatar.bytecode.VirtualMachineTest" time="0.0">
    <system-out><![CDATA[09:58:08.068 [main] INFO com.iluwatar.bytecode.VirtualMachine -- Executed LITERAL, Stack contains [0]
09:58:08.068 [main] INFO com.iluwatar.bytecode.VirtualMachine -- Executed LITERAL, Stack contains [0, 50]
09:58:08.068 [main] INFO com.iluwatar.bytecode.VirtualMachine -- Executed SET_WISDOM, Stack contains []
]]></system-out>
  </testcase>
  <testcase name="testInvalidInstruction" classname="com.iluwatar.bytecode.VirtualMachineTest" time="0.001"/>
</testsuite>